<?xml version="1.0" encoding="UTF-8"?>
<!-- Generated by org.testng.reporters.JUnitXMLReporter -->
<testsuite hostname="tzvet-PC" ignored="0" name="SimpleTest.java" tests="2" failures="2" timestamp="2021-01-25T13:57:10 EET" time="53.249" errors="0">
  <testcase name="executeTestCompanyDividends" time="10.265" classname="com.selenium.course.yahoo.finance.test02.CheckStatisticsForACompanyStock">
    <failure type="java.lang.AssertionError" message="The following asserts failed:
	Dividend actual result doesn&amp;apos;t match the expected dividend value expected [0.82 (0.60%)] but found [0.82 (0.59%)]">
      <![CDATA[java.lang.AssertionError: The following asserts failed:
Dividend actual result doesn't match the expected dividend value expected [0.82 (0.60%)] but found [0.82 (0.59%)]
at pages.CompanyEqutyDetail.getAndValidateCompanyDividend(CompanyEqutyDetail.java:27)
at com.selenium.course.yahoo.finance.test02.CheckStatisticsForACompanyStock.executeTestCompanyDividends(CheckStatisticsForACompanyStock.java:28)
at java.util.ArrayList.forEach(ArrayList.java:1259)
at com.intellij.rt.testng.IDEARemoteTestNG.run(IDEARemoteTestNG.java:66)
at com.intellij.rt.testng.RemoteTestNGStarter.main(RemoteTestNGStarter.java:109)
... Removed 26 stack frames]]>
    </failure>
  </testcase> <!-- executeTestCompanyDividends -->
  <testcase name="executeTestCompanyDividends" time="16.997" classname="com.selenium.course.yahoo.finance.test02.CheckStatisticsForACompanyStock">
    <failure type="java.lang.AssertionError" message="The following asserts failed:
	Current Price/Book doesn&amp;apos;t match expected Price/Book value. expected [19.17] but found [19.97]">
      <![CDATA[java.lang.AssertionError: The following asserts failed:
Current Price/Book doesn't match expected Price/Book value. expected [19.17] but found [19.97]
at pages.CompanyStatisticsPage.validateCurrentPriceBook(CompanyStatisticsPage.java:29)
at com.selenium.course.yahoo.finance.test02.CheckStatisticsForACompanyStock.executeTestCompanyDividends(CheckStatisticsForACompanyStock.java:32)
at java.util.ArrayList.forEach(ArrayList.java:1259)
at com.intellij.rt.testng.IDEARemoteTestNG.run(IDEARemoteTestNG.java:66)
at com.intellij.rt.testng.RemoteTestNGStarter.main(RemoteTestNGStarter.java:109)
... Removed 26 stack frames]]>
    </failure>
  </testcase> <!-- executeTestCompanyDividends -->
</testsuite> <!-- SimpleTest.java -->
