<?xml version="1.0" encoding="UTF-8"?>
<testng-results skipped="0" failed="2" ignored="0" total="2" passed="0">
  <reporter-output>
  </reporter-output>
  <suite name="Default Suite" duration-ms="53249" started-at="2021-01-25T13:56:17 EET" finished-at="2021-01-25T13:57:10 EET">
    <groups>
    </groups>
    <test name="SimpleTest.java" duration-ms="53249" started-at="2021-01-25T13:56:17 EET" finished-at="2021-01-25T13:57:10 EET">
      <class name="com.selenium.course.yahoo.finance.test02.CheckStatisticsForACompanyStock">
        <test-method status="PASS" signature="readConfigProperties()[pri:0, instance:com.selenium.course.yahoo.finance.test02.CheckStatisticsForACompanyStock@1fffcd7]" name="readConfigProperties" is-config="true" duration-ms="14" started-at="2021-01-25T13:56:17 EET" finished-at="2021-01-25T13:56:17 EET">
          <reporter-output>
          </reporter-output>
        </test-method> <!-- readConfigProperties -->
        <test-method status="PASS" signature="initTest()[pri:0, instance:com.selenium.course.yahoo.finance.test02.CheckStatisticsForACompanyStock@1fffcd7]" name="initTest" is-config="true" duration-ms="25102" started-at="2021-01-25T13:56:17 EET" finished-at="2021-01-25T13:56:42 EET">
          <reporter-output>
          </reporter-output>
        </test-method> <!-- initTest -->
        <test-method status="FAIL" signature="executeTestCompanyDividends(java.lang.String, java.lang.String, java.lang.String)[pri:0, instance:com.selenium.course.yahoo.finance.test02.CheckStatisticsForACompanyStock@1fffcd7]" name="executeTestCompanyDividends" duration-ms="10265" started-at="2021-01-25T13:56:42 EET" data-provider="company-data" finished-at="2021-01-25T13:56:52 EET">
          <params>
            <param index="0">
              <value>
                <![CDATA[Apple]]>
              </value>
            </param>
            <param index="1">
              <value>
                <![CDATA[0.82 (0.60%)]]>
              </value>
            </param>
            <param index="2">
              <value>
                <![CDATA[32.74]]>
              </value>
            </param>
          </params>
          <exception class="java.lang.AssertionError">
            <message>
              <![CDATA[The following asserts failed:
Dividend actual result doesn't match the expected dividend value expected [0.82 (0.60%)] but found [0.82 (0.59%)]]]>
            </message>
            <full-stacktrace>
              <![CDATA[java.lang.AssertionError: The following asserts failed:
Dividend actual result doesn't match the expected dividend value expected [0.82 (0.60%)] but found [0.82 (0.59%)]
at org.testng.asserts.SoftAssert.assertAll(SoftAssert.java:47)
at org.testng.asserts.SoftAssert.assertAll(SoftAssert.java:31)
at pages.CompanyEqutyDetail.getAndValidateCompanyDividend(CompanyEqutyDetail.java:27)
at com.selenium.course.yahoo.finance.test02.CheckStatisticsForACompanyStock.executeTestCompanyDividends(CheckStatisticsForACompanyStock.java:28)
at sun.reflect.NativeMethodAccessorImpl.invoke0(Native Method)
at sun.reflect.NativeMethodAccessorImpl.invoke(NativeMethodAccessorImpl.java:62)
at sun.reflect.DelegatingMethodAccessorImpl.invoke(DelegatingMethodAccessorImpl.java:43)
at java.lang.reflect.Method.invoke(Method.java:498)
at org.testng.internal.MethodInvocationHelper.invokeMethod(MethodInvocationHelper.java:132)
at org.testng.internal.TestInvoker.invokeMethod(TestInvoker.java:599)
at org.testng.internal.TestInvoker.invokeTestMethod(TestInvoker.java:174)
at org.testng.internal.MethodRunner.runInSequence(MethodRunner.java:46)
at org.testng.internal.TestInvoker$MethodInvocationAgent.invoke(TestInvoker.java:822)
at org.testng.internal.TestInvoker.invokeTestMethods(TestInvoker.java:147)
at org.testng.internal.TestMethodWorker.invokeTestMethods(TestMethodWorker.java:146)
at org.testng.internal.TestMethodWorker.run(TestMethodWorker.java:128)
at java.util.ArrayList.forEach(ArrayList.java:1259)
at org.testng.TestRunner.privateRun(TestRunner.java:764)
at org.testng.TestRunner.run(TestRunner.java:585)
at org.testng.SuiteRunner.runTest(SuiteRunner.java:384)
at org.testng.SuiteRunner.runSequentially(SuiteRunner.java:378)
at org.testng.SuiteRunner.privateRun(SuiteRunner.java:337)
at org.testng.SuiteRunner.run(SuiteRunner.java:286)
at org.testng.SuiteRunnerWorker.runSuite(SuiteRunnerWorker.java:53)
at org.testng.SuiteRunnerWorker.run(SuiteRunnerWorker.java:96)
at org.testng.TestNG.runSuitesSequentially(TestNG.java:1218)
at org.testng.TestNG.runSuitesLocally(TestNG.java:1140)
at org.testng.TestNG.runSuites(TestNG.java:1069)
at org.testng.TestNG.run(TestNG.java:1037)
at com.intellij.rt.testng.IDEARemoteTestNG.run(IDEARemoteTestNG.java:66)
at com.intellij.rt.testng.RemoteTestNGStarter.main(RemoteTestNGStarter.java:109)
]]>
            </full-stacktrace>
          </exception> <!-- java.lang.AssertionError -->
          <reporter-output>
          </reporter-output>
        </test-method> <!-- executeTestCompanyDividends -->
        <test-method status="FAIL" signature="executeTestCompanyDividends(java.lang.String, java.lang.String, java.lang.String)[pri:0, instance:com.selenium.course.yahoo.finance.test02.CheckStatisticsForACompanyStock@1fffcd7]" name="executeTestCompanyDividends" duration-ms="16997" started-at="2021-01-25T13:56:52 EET" data-provider="company-data" finished-at="2021-01-25T13:57:09 EET">
          <params>
            <param index="0">
              <value>
                <![CDATA[Amazon]]>
              </value>
            </param>
            <param index="1">
              <value>
                <![CDATA[N/A (N/A)]]>
              </value>
            </param>
            <param index="2">
              <value>
                <![CDATA[19.17]]>
              </value>
            </param>
          </params>
          <exception class="java.lang.AssertionError">
            <message>
              <![CDATA[The following asserts failed:
Current Price/Book doesn't match expected Price/Book value. expected [19.17] but found [19.97]]]>
            </message>
            <full-stacktrace>
              <![CDATA[java.lang.AssertionError: The following asserts failed:
Current Price/Book doesn't match expected Price/Book value. expected [19.17] but found [19.97]
at org.testng.asserts.SoftAssert.assertAll(SoftAssert.java:47)
at org.testng.asserts.SoftAssert.assertAll(SoftAssert.java:31)
at pages.CompanyStatisticsPage.validateCurrentPriceBook(CompanyStatisticsPage.java:29)
at com.selenium.course.yahoo.finance.test02.CheckStatisticsForACompanyStock.executeTestCompanyDividends(CheckStatisticsForACompanyStock.java:32)
at sun.reflect.NativeMethodAccessorImpl.invoke0(Native Method)
at sun.reflect.NativeMethodAccessorImpl.invoke(NativeMethodAccessorImpl.java:62)
at sun.reflect.DelegatingMethodAccessorImpl.invoke(DelegatingMethodAccessorImpl.java:43)
at java.lang.reflect.Method.invoke(Method.java:498)
at org.testng.internal.MethodInvocationHelper.invokeMethod(MethodInvocationHelper.java:132)
at org.testng.internal.TestInvoker.invokeMethod(TestInvoker.java:599)
at org.testng.internal.TestInvoker.invokeTestMethod(TestInvoker.java:174)
at org.testng.internal.MethodRunner.runInSequence(MethodRunner.java:46)
at org.testng.internal.TestInvoker$MethodInvocationAgent.invoke(TestInvoker.java:822)
at org.testng.internal.TestInvoker.invokeTestMethods(TestInvoker.java:147)
at org.testng.internal.TestMethodWorker.invokeTestMethods(TestMethodWorker.java:146)
at org.testng.internal.TestMethodWorker.run(TestMethodWorker.java:128)
at java.util.ArrayList.forEach(ArrayList.java:1259)
at org.testng.TestRunner.privateRun(TestRunner.java:764)
at org.testng.TestRunner.run(TestRunner.java:585)
at org.testng.SuiteRunner.runTest(SuiteRunner.java:384)
at org.testng.SuiteRunner.runSequentially(SuiteRunner.java:378)
at org.testng.SuiteRunner.privateRun(SuiteRunner.java:337)
at org.testng.SuiteRunner.run(SuiteRunner.java:286)
at org.testng.SuiteRunnerWorker.runSuite(SuiteRunnerWorker.java:53)
at org.testng.SuiteRunnerWorker.run(SuiteRunnerWorker.java:96)
at org.testng.TestNG.runSuitesSequentially(TestNG.java:1218)
at org.testng.TestNG.runSuitesLocally(TestNG.java:1140)
at org.testng.TestNG.runSuites(TestNG.java:1069)
at org.testng.TestNG.run(TestNG.java:1037)
at com.intellij.rt.testng.IDEARemoteTestNG.run(IDEARemoteTestNG.java:66)
at com.intellij.rt.testng.RemoteTestNGStarter.main(RemoteTestNGStarter.java:109)
]]>
            </full-stacktrace>
          </exception> <!-- java.lang.AssertionError -->
          <reporter-output>
          </reporter-output>
        </test-method> <!-- executeTestCompanyDividends -->
        <test-method status="PASS" signature="closeDriver()[pri:0, instance:com.selenium.course.yahoo.finance.test02.CheckStatisticsForACompanyStock@1fffcd7]" name="closeDriver" is-config="true" duration-ms="828" started-at="2021-01-25T13:57:09 EET" finished-at="2021-01-25T13:57:10 EET">
          <reporter-output>
          </reporter-output>
        </test-method> <!-- closeDriver -->
      </class> <!-- com.selenium.course.yahoo.finance.test02.CheckStatisticsForACompanyStock -->
    </test> <!-- SimpleTest.java -->
  </suite> <!-- Default Suite -->
</testng-results>
